<?xml version="1.0" encoding="UTF-8"?>
<!-- Generated by org.testng.reporters.JUnitReportReporter -->
<testsuite hostname="DESKTOP-LR9MGE6" failures="0" tests="2" name="RestAPI.TestPatchMethod" time="4.638" errors="0" timestamp="2024-06-26T13:47:45 IST" skipped="0">
  <testcase classname="RestAPI.TestPatchMethod" name="test08" time="3.920"/>
  <testcase classname="RestAPI.TestPatchMethod" name="test09" time="0.718"/>
</testsuite> <!-- RestAPI.TestPatchMethod -->
