<?xml version="1.0" encoding="UTF-8"?>
<!-- Generated by org.testng.reporters.JUnitReportReporter -->
<testsuite hostname="DESKTOP-LR9MGE6" failures="0" tests="2" name="RestAPI.TestPostMethod" time="4.315" errors="0" timestamp="2024-06-26T13:55:02 IST" skipped="0">
  <testcase classname="RestAPI.TestPostMethod" name="test04" time="3.810"/>
  <testcase classname="RestAPI.TestPostMethod" name="test05" time="0.505"/>
</testsuite> <!-- RestAPI.TestPostMethod -->
