<?xml version="1.0" encoding="UTF-8"?>
<!-- Generated by org.testng.reporters.JUnitReportReporter -->
<testsuite hostname="DESKTOP-LR9MGE6" failures="0" tests="1" name="BasicAuthorization.APIkeyTest" time="3.946" errors="0" timestamp="2024-06-29T18:28:54 IST" skipped="0">
  <testcase classname="BasicAuthorization.APIkeyTest" name="GetWeatherDataByCity" time="3.946"/>
  <system-out/>
</testsuite> <!-- BasicAuthorization.APIkeyTest -->
