<?xml version="1.0" encoding="UTF-8"?>
<!-- Generated by org.testng.reporters.JUnitReportReporter -->
<testsuite hostname="DESKTOP-LR9MGE6" failures="0" tests="1" name="FirstGetRequest" time="3.383" errors="0" timestamp="2024-06-26T12:20:27 IST" skipped="0">
  <testcase classname="FirstGetRequest" name="testCase01" time="3.383"/>
</testsuite> <!-- FirstGetRequest -->
