<?xml version="1.0" encoding="UTF-8"?>
<!-- Generated by org.testng.reporters.JUnitReportReporter -->
<testsuite hostname="DESKTOP-LR9MGE6" failures="0" tests="1" name="RestAPI.TestDeleteMethod" time="3.477" errors="0" timestamp="2024-06-26T13:55:40 IST" skipped="0">
  <testcase classname="RestAPI.TestDeleteMethod" name="test10" time="3.477"/>
</testsuite> <!-- RestAPI.TestDeleteMethod -->
