<?xml version="1.0" encoding="UTF-8"?>
<!-- Generated by org.testng.reporters.JUnitReportReporter -->
<testsuite hostname="DESKTOP-LR9MGE6" failures="0" tests="2" name="BasicAuthorization.PermissionAuth" time="4.751" errors="0" timestamp="2024-06-29T17:44:41 IST" skipped="0">
  <testcase classname="BasicAuthorization.PermissionAuth" name="DigestAuth" time="0.830"/>
  <system-out/>
  <testcase classname="BasicAuthorization.PermissionAuth" name="BasicAuth" time="3.921"/>
  <system-out/>
</testsuite> <!-- BasicAuthorization.PermissionAuth -->
