<?xml version="1.0" encoding="UTF-8"?>
<!-- Generated by org.testng.reporters.JUnitReportReporter -->
<testsuite hostname="DESKTOP-LR9MGE6" failures="0" tests="1" name="BasicAuthorization.BearerAuth" time="4.225" errors="0" timestamp="2024-06-29T17:59:57 IST" skipped="0">
  <testcase classname="BasicAuthorization.BearerAuth" name="BearerToken" time="4.225"/>
  <system-out/>
</testsuite> <!-- BasicAuthorization.BearerAuth -->
