<?xml version="1.0" encoding="UTF-8"?>
<!-- Generated by org.testng.reporters.JUnitReportReporter -->
<testsuite hostname="DESKTOP-LR9MGE6" failures="0" tests="1" name="QueryParameter.QueryParameterTest" time="5.853" errors="0" timestamp="2024-06-29T16:46:22 IST" skipped="0">
  <testcase classname="QueryParameter.QueryParameterTest" name="filterData" time="5.853"/>
  <system-out/>
</testsuite> <!-- QueryParameter.QueryParameterTest -->
