<?xml version="1.0" encoding="UTF-8"?>
<!-- Generated by org.testng.reporters.JUnitReportReporter -->
<testsuite hostname="DESKTOP-LR9MGE6" failures="0" tests="2" name="RestAPI.TestPutMethod" time="4.427" errors="0" timestamp="2024-06-26T13:43:34 IST" skipped="0">
  <testcase classname="RestAPI.TestPutMethod" name="test06" time="3.926"/>
  <testcase classname="RestAPI.TestPutMethod" name="test07" time="0.501"/>
</testsuite> <!-- RestAPI.TestPutMethod -->
