<?xml version="1.0" encoding="UTF-8"?>
<!-- Generated by org.testng.reporters.JUnitReportReporter -->
<testsuite hostname="DESKTOP-LR9MGE6" failures="0" tests="1" name="ValidateJsonResponseBody.JsonResponseBody" time="4.770" errors="0" timestamp="2024-06-29T12:45:51 IST" skipped="0">
  <testcase classname="ValidateJsonResponseBody.JsonResponseBody" name="UserListResponseBody" time="4.770"/>
  <system-out/>
</testsuite> <!-- ValidateJsonResponseBody.JsonResponseBody -->
